<?xml version="1.0" encoding="UTF-8"?>
<testng-results skipped="0" failed="0" ignored="0" total="3" passed="3">
  <reporter-output>
  </reporter-output>
  <suite name="Suite" duration-ms="17855" started-at="2020-09-13T00:36:18Z" finished-at="2020-09-13T00:36:36Z">
    <groups>
    </groups>
    <test name="Test" duration-ms="17855" started-at="2020-09-13T00:36:18Z" finished-at="2020-09-13T00:36:36Z">
      <class name="com.test.demotest">
        <test-method status="PASS" signature="Test()[pri:0, instance:com.test.demotest@3cbbc1e0]" name="Test" duration-ms="23" started-at="2020-09-13T00:36:18Z" finished-at="2020-09-13T00:36:18Z">
          <reporter-output>
          </reporter-output>
        </test-method> <!-- Test -->
        <test-method status="PASS" signature="Test2()[pri:0, instance:com.test.demotest@3cbbc1e0]" name="Test2" duration-ms="0" started-at="2020-09-13T00:36:18Z" finished-at="2020-09-13T00:36:18Z">
          <reporter-output>
          </reporter-output>
        </test-method> <!-- Test2 -->
      </class> <!-- com.test.demotest -->
      <class name="com.test.LoginTest">
        <test-method status="PASS" signature="test01()[pri:0, instance:com.test.LoginTest@35fb3008]" name="test01" duration-ms="17752" started-at="2020-09-13T00:36:18Z" finished-at="2020-09-13T00:36:36Z">
          <reporter-output>
          </reporter-output>
        </test-method> <!-- test01 -->
      </class> <!-- com.test.LoginTest -->
    </test> <!-- Test -->
  </suite> <!-- Suite -->
</testng-results>
