<?xml version="1.0" encoding="UTF-8"?>
<testng-results skipped="0" failed="0" ignored="0" total="1" passed="1">
  <reporter-output>
  </reporter-output>
  <suite name="Default suite" duration-ms="18183" started-at="2020-08-16T05:44:51Z" finished-at="2020-08-16T05:45:10Z">
    <groups>
    </groups>
    <test name="Default test" duration-ms="18183" started-at="2020-08-16T05:44:51Z" finished-at="2020-08-16T05:45:10Z">
      <class name="com.test.LoginTest">
        <test-method status="PASS" signature="test01()[pri:0, instance:com.test.LoginTest@4b9e13df]" name="test01" duration-ms="18080" started-at="2020-08-16T05:44:52Z" finished-at="2020-08-16T05:45:10Z">
          <reporter-output>
          </reporter-output>
        </test-method> <!-- test01 -->
      </class> <!-- com.test.LoginTest -->
    </test> <!-- Default test -->
  </suite> <!-- Default suite -->
</testng-results>
